{"/home/stagefeusr/Desktop/Stage/corso_front_end/greetings-tdd/index.js": {"path":"/home/stagefeusr/Desktop/Stage/corso_front_end/greetings-tdd/index.js","statementMap":{"0":{"start":{"line":7,"column":0},"end":{"line":7,"column":47}},"1":{"start":{"line":7,"column":31},"end":{"line":7,"column":47}},"2":{"start":{"line":9,"column":0},"end":{"line":9,"column":36}}},"fnMap":{"0":{"name":"(anonymous_0)","decl":{"start":{"line":7,"column":23},"end":{"line":7,"column":24}},"loc":{"start":{"line":7,"column":31},"end":{"line":7,"column":47}},"line":7}},"branchMap":{},"s":{"0":1,"1":2,"2":1},"f":{"0":2},"b":{},"_coverageSchema":"43e27e138ebf9cfc5966b082cf9a028302ed4184","hash":"b45ab05ed260eac493022bfbff7bf69e774b7508"}
}
